<?xml version="1.0" encoding="UTF-8"?>
<testng-results skipped="0" failed="0" total="1" passed="1">
  <reporter-output>
  </reporter-output>
  <suite name="Default suite" duration-ms="66" started-at="2019-08-14T04:59:36Z" finished-at="2019-08-14T04:59:36Z">
    <groups>
    </groups>
    <test name="Default test" duration-ms="66" started-at="2019-08-14T04:59:36Z" finished-at="2019-08-14T04:59:36Z">
      <class name="firstTestNGProgram.TestNGExample">
        <test-method status="PASS" signature="testPrintMessage()[pri:0, instance:firstTestNGProgram.TestNGExample@22a71081]" name="testPrintMessage" duration-ms="19" started-at="2019-08-14T10:29:36Z" finished-at="2019-08-14T10:29:36Z">
          <reporter-output>
          </reporter-output>
        </test-method> <!-- testPrintMessage -->
      </class> <!-- firstTestNGProgram.TestNGExample -->
    </test> <!-- Default test -->
  </suite> <!-- Default suite -->
</testng-results>
